file /home/leonkuabc/gem5/site_scons/gem5_scons/configure.py,line 173:
	Configure(confdir = build/X86/gem5.build/scons_config)
scons: Configure: Checking for linker -Wl,--as-needed support... 
build/X86/gem5.build/scons_config/conftest_da935ab7a2c376c10f2ce1130ab88c51_0.cc <-
  |int main(int, char *[]) { return 0; }
(B[m [     CXX] [33mX86/gem5.build/scons_config/conftest_da935ab7a2c376c10f2ce1130ab88c51_0[33m[1m.cc[34m[1m -> [33m[1m.o(B[m
(B[m [    LINK] [33m[33m[1m[34m[1m -> [33m[1mX86/gem5.build/scons_config/conftest_da935ab7a2c376c10f2ce1130ab88c51_0_a99c4d31ee340b3b628d4db8961d3f04(B[m
scons: Configure: yes


file /home/leonkuabc/gem5/site_scons/gem5_scons/configure.py,line 173:
	Configure(confdir = build/X86/gem5.build/scons_config)

file /home/leonkuabc/gem5/site_scons/gem5_scons/configure.py,line 173:
	Configure(confdir = build/X86/gem5.build/scons_config)
scons: Configure: Checking for compiler -gz support... 
build/X86/gem5.build/scons_config/conftest_342d5457cbf4639ef3e0d4fb7b8ef89b_0.cc <-
  |// CheckCxxFlag DO NOTHING
(B[m [     CXX] [33mX86/gem5.build/scons_config/conftest_342d5457cbf4639ef3e0d4fb7b8ef89b_0[33m[1m.cc[34m[1m -> [33m[1m_a6ae99236cd113cda64a357b1ba56e76.o(B[m
scons: Configure: yes

scons: Configure: Checking for linker -gz support... 
build/X86/gem5.build/scons_config/conftest_da935ab7a2c376c10f2ce1130ab88c51_1.cc <-
  |int main(int, char *[]) { return 0; }
(B[m [     CXX] [33mX86/gem5.build/scons_config/conftest_da935ab7a2c376c10f2ce1130ab88c51_1[33m[1m.cc[34m[1m -> [33m[1m.o(B[m
(B[m [    LINK] [33m[33m[1m[34m[1m -> [33m[1mX86/gem5.build/scons_config/conftest_da935ab7a2c376c10f2ce1130ab88c51_1_edda7043ff88127f435c07331c1a1350(B[m
scons: Configure: yes


file /home/leonkuabc/gem5/site_scons/gem5_scons/configure.py,line 173:
	Configure(confdir = build/X86/gem5.build/scons_config)

file /home/leonkuabc/gem5/site_scons/gem5_scons/configure.py,line 173:
	Configure(confdir = build/X86/gem5.build/scons_config)
scons: Configure: Checking for C header file Python.h... 
build/X86/gem5.build/scons_config/conftest_6f79fff2b5fa95157216534d203df494_0.c <-
  |
  |#include <Python.h>
  |
  |
(B[m [      CC] [33mX86/gem5.build/scons_config/conftest_6f79fff2b5fa95157216534d203df494_0[33m[1m.c[34m[1m -> [33m[1m_8c2d4efd07171fff31d2de142d498db6.o(B[m
scons: Configure: yes

scons: Configure: Checking Python version... 
build/X86/gem5.build/scons_config/conftest_2176b2d932a60acfa5b4079f6e5ab92b_0.cc <-
  |
  |#include <pybind11/embed.h>
  |
  |int
  |main(int argc, char **argv) {
  |    pybind11::scoped_interpreter guard{};
  |    pybind11::exec(
  |        "import sys\n"
  |        "vi = sys.version_info\n"
  |        "sys.stdout.write('%i.%i.%i' % (vi.major, vi.minor, vi.micro));\n");
  |    return 0;
  |}
  |    
(B[m [     CXX] [33mX86/gem5.build/scons_config/conftest_2176b2d932a60acfa5b4079f6e5ab92b_0[33m[1m.cc[34m[1m -> [33m[1m.o(B[m
(B[m [    LINK] [33m[33m[1m[34m[1m -> [33m[1mX86/gem5.build/scons_config/conftest_2176b2d932a60acfa5b4079f6e5ab92b_0_eaf02468b47fd205186a45b3674367d5(B[m
build/X86/gem5.build/scons_config/conftest_2176b2d932a60acfa5b4079f6e5ab92b_0_eaf02468b47fd205186a45b3674367d5 > build/X86/gem5.build/scons_config/conftest_2176b2d932a60acfa5b4079f6e5ab92b_0_eaf02468b47fd205186a45b3674367d5.out
scons: Configure: 3.12.3


file /home/leonkuabc/gem5/site_scons/gem5_scons/configure.py,line 173:
	Configure(confdir = build/X86/gem5.build/scons_config)
scons: Configure: Checking for accept(0,0,0) in C++ library None... 
build/X86/gem5.build/scons_config/conftest_af8423c78aecfef602aceff7a3b40c1c_0.cpp <-
  |
  |
  |#include "sys/socket.h"
  |
  |int
  |main() {
  |  accept(0,0,0);
  |return 0;
  |}
  |
(B[m [     CXX] [33mX86/gem5.build/scons_config/conftest_af8423c78aecfef602aceff7a3b40c1c_0[33m[1m.cpp[34m[1m -> [33m[1m.o(B[m
(B[m [    LINK] [33m[33m[1m[34m[1m -> [33m[1mX86/gem5.build/scons_config/conftest_af8423c78aecfef602aceff7a3b40c1c_0_963d85bee8014b20c8141696f44ead54(B[m
scons: Configure: yes

scons: Configure: Checking for zlibVersion() in C++ library z... 
build/X86/gem5.build/scons_config/conftest_127f08e7208dda7ee2cdf0b86065031e_0.cpp <-
  |
  |
  |#include "zlib.h"
  |
  |int
  |main() {
  |  zlibVersion();
  |return 0;
  |}
  |
(B[m [     CXX] [33mX86/gem5.build/scons_config/conftest_127f08e7208dda7ee2cdf0b86065031e_0[33m[1m.cpp[34m[1m -> [33m[1m.o(B[m
(B[m [    LINK] [33m[33m[1m[34m[1m -> [33m[1mX86/gem5.build/scons_config/conftest_127f08e7208dda7ee2cdf0b86065031e_0_bd6c5c9912fdad6b6dfba694e62cfb4c(B[m
scons: Configure: yes


file /home/leonkuabc/gem5/site_scons/gem5_scons/configure.py,line 173:
	Configure(confdir = build/X86/gem5.build/scons_config)
scons: Configure: Checking for C library tcmalloc_minimal... 
build/X86/gem5.build/scons_config/conftest_df286a1d2f67e69d030b4eff75ca7e12_0.c <-
  |
  |
  |
  |int
  |main() {
  |  
  |return 0;
  |}
  |
(B[m [      CC] [33mX86/gem5.build/scons_config/conftest_df286a1d2f67e69d030b4eff75ca7e12_0[33m[1m.c[34m[1m -> [33m[1m.o(B[m
(B[m [    LINK] [33m[33m[1m[34m[1m -> [33m[1mX86/gem5.build/scons_config/conftest_df286a1d2f67e69d030b4eff75ca7e12_0_87d8c3a4aa8d0d0be0967bc45ca26d2b(B[m
scons: Configure: yes


file /home/leonkuabc/gem5/site_scons/gem5_scons/configure.py,line 173:
	Configure(confdir = build/X86/gem5.build/scons_config)
scons: Configure: Checking size of struct kvm_xsave ... 
build/X86/gem5.build/scons_config/conftest_2839316246cd081d6a26d89ee110bbfb_0.c <-
  |#include <linux/kvm.h>
  |#include <stdlib.h>
  |#include <stdio.h>
  |int main(void) {
  |    printf("%d", (int)sizeof(struct kvm_xsave));
  |    return 0;
  |}
  |    
(B[m [      CC] [33mX86/gem5.build/scons_config/conftest_2839316246cd081d6a26d89ee110bbfb_0[33m[1m.c[34m[1m -> [33m[1m.o(B[m
(B[m [    LINK] [33m[33m[1m[34m[1m -> [33m[1mX86/gem5.build/scons_config/conftest_2839316246cd081d6a26d89ee110bbfb_0_a8322eeacd8d797cb69e80830ef8385f(B[m
build/X86/gem5.build/scons_config/conftest_2839316246cd081d6a26d89ee110bbfb_0_a8322eeacd8d797cb69e80830ef8385f > build/X86/gem5.build/scons_config/conftest_2839316246cd081d6a26d89ee110bbfb_0_a8322eeacd8d797cb69e80830ef8385f.out
scons: Configure: yes


file /home/leonkuabc/gem5/site_scons/gem5_scons/configure.py,line 173:
	Configure(confdir = build/X86/gem5.build/scons_config)
scons: Configure: Checking for backtrace_symbols_fd((void *)1, 0, 0) in C library None... 
build/X86/gem5.build/scons_config/conftest_3d35ef81729b09a4531474c448f3d97b_0.c <-
  |
  |
  |#include "execinfo.h"
  |
  |int
  |main() {
  |  backtrace_symbols_fd((void *)1, 0, 0);
  |return 0;
  |}
  |
(B[m [      CC] [33mX86/gem5.build/scons_config/conftest_3d35ef81729b09a4531474c448f3d97b_0[33m[1m.c[34m[1m -> [33m[1m.o(B[m
(B[m [    LINK] [33m[33m[1m[34m[1m -> [33m[1mX86/gem5.build/scons_config/conftest_3d35ef81729b09a4531474c448f3d97b_0_bbacdf0d8f50ee5b5b7ead7671a5964e(B[m
scons: Configure: yes


file /home/leonkuabc/gem5/site_scons/gem5_scons/configure.py,line 173:
	Configure(confdir = build/X86/gem5.build/scons_config)
scons: Configure: Checking for C header file capstone/capstone.h... 
build/X86/gem5.build/scons_config/conftest_228713437195dd19f42492507090c16d_0.c <-
  |
  |#include <capstone/capstone.h>
  |
  |
(B[m [      CC] [33mX86/gem5.build/scons_config/conftest_228713437195dd19f42492507090c16d_0[33m[1m.c[34m[1m -> [33m[1m_fbaae2fde3b763a180d2c978db55be97.o(B[m
scons: Configure: yes


file /home/leonkuabc/gem5/site_scons/gem5_scons/configure.py,line 173:
	Configure(confdir = build/X86/gem5.build/scons_config)
scons: Configure: Checking for C header file linux/kvm.h... 
build/X86/gem5.build/scons_config/conftest_3d4db39b7cb946e659f69394900767da_0.c <-
  |
  |#include <linux/kvm.h>
  |
  |
(B[m [      CC] [33mX86/gem5.build/scons_config/conftest_3d4db39b7cb946e659f69394900767da_0[33m[1m.c[34m[1m -> [33m[1m_c740e4f476d8ea583538e9fb2f47c3b9.o(B[m
scons: Configure: yes

scons: Configure: Checking for timer_create(CLOCK_MONOTONIC, NULL, NULL) in C library None... 
build/X86/gem5.build/scons_config/conftest_52844ad72d03fb661a0391b3dd5b5418_0.c <-
  |
  |
  |#include "time.h"
  |#include "signal.h"
  |
  |int
  |main() {
  |  timer_create(CLOCK_MONOTONIC, NULL, NULL);
  |return 0;
  |}
  |
(B[m [      CC] [33mX86/gem5.build/scons_config/conftest_52844ad72d03fb661a0391b3dd5b5418_0[33m[1m.c[34m[1m -> [33m[1m.o(B[m
(B[m [    LINK] [33m[33m[1m[34m[1m -> [33m[1mX86/gem5.build/scons_config/conftest_52844ad72d03fb661a0391b3dd5b5418_0_a124b7dacc96ce3158d5ce31aa88b3c3(B[m
scons: Configure: yes

scons: Configure: Checking for member exclude_host in struct perf_event_attr...
build/X86/gem5.build/scons_config/conftest_238ff365ce93d3042571511343a9ce78_0.cc <-
  |
  |#include <linux/perf_event.h>
  |int main(){
  |  struct perf_event_attr test;
  |  (void)test.exclude_host;
  |  return 0;
  |};
  |
(B[m [     CXX] [33mX86/gem5.build/scons_config/conftest_238ff365ce93d3042571511343a9ce78_0[33m[1m.cc[34m[1m -> [33m[1m_37f4e241ee3f12e191233ceaa51e1851.o(B[m
scons: Configure: yes


file /home/leonkuabc/gem5/site_scons/gem5_scons/configure.py,line 173:
	Configure(confdir = build/X86/gem5.build/scons_config)
scons: Configure: Checking for shm_open("/test", 0, 0) in C library None... 
build/X86/gem5.build/scons_config/conftest_e16879e797847a0d9ca4fafbdcae0c4c_0.c <-
  |
  |
  |#include "sys/mman.h"
  |
  |int
  |main() {
  |  shm_open("/test", 0, 0);
  |return 0;
  |}
  |
(B[m [      CC] [33mX86/gem5.build/scons_config/conftest_e16879e797847a0d9ca4fafbdcae0c4c_0[33m[1m.c[34m[1m -> [33m[1m.o(B[m
(B[m [    LINK] [33m[33m[1m[34m[1m -> [33m[1mX86/gem5.build/scons_config/conftest_e16879e797847a0d9ca4fafbdcae0c4c_0_68945bf4b823418eed1fd642c4912571(B[m
scons: Configure: yes


file /home/leonkuabc/gem5/site_scons/gem5_scons/configure.py,line 173:
	Configure(confdir = build/X86/gem5.build/scons_config)
scons: Configure: Checking for C header file fenv.h... 
build/X86/gem5.build/scons_config/conftest_b63620e7908057d9c68909c7dea2f0c0_0.c <-
  |
  |#include <fenv.h>
  |
  |
(B[m [      CC] [33mX86/gem5.build/scons_config/conftest_b63620e7908057d9c68909c7dea2f0c0_0[33m[1m.c[34m[1m -> [33m[1m_68027298866ec19c10f40e60f8219434.o(B[m
scons: Configure: yes

scons: Configure: Checking for C header file png.h... 
build/X86/gem5.build/scons_config/conftest_6a115e90d1ef31132299ba5de9361ca4_0.c <-
  |
  |#include <png.h>
  |
  |
(B[m [      CC] [33mX86/gem5.build/scons_config/conftest_6a115e90d1ef31132299ba5de9361ca4_0[33m[1m.c[34m[1m -> [33m[1m_524ee1d45eb034e8a73e4cee9cbbb696.o(B[m
scons: Configure: yes

scons: Configure: Checking for clock_nanosleep(0,0,NULL,NULL) in C library None... 
build/X86/gem5.build/scons_config/conftest_819d0186bc60125ca639270b0e90357e_0.c <-
  |
  |
  |#include "time.h"
  |
  |int
  |main() {
  |  clock_nanosleep(0,0,NULL,NULL);
  |return 0;
  |}
  |
(B[m [      CC] [33mX86/gem5.build/scons_config/conftest_819d0186bc60125ca639270b0e90357e_0[33m[1m.c[34m[1m -> [33m[1m.o(B[m
(B[m [    LINK] [33m[33m[1m[34m[1m -> [33m[1mX86/gem5.build/scons_config/conftest_819d0186bc60125ca639270b0e90357e_0_a11c77a2f56d2ebb3d1edc83884b8bdd(B[m
scons: Configure: yes

scons: Configure: Checking for C header file valgrind/valgrind.h... 
build/X86/gem5.build/scons_config/conftest_fc44fbdd5cf1cbd0f4445fc96a17746b_0.c <-
  |
  |#include "valgrind/valgrind.h"
  |
  |
(B[m [      CC] [33mX86/gem5.build/scons_config/conftest_fc44fbdd5cf1cbd0f4445fc96a17746b_0[33m[1m.c[34m[1m -> [33m[1m_ea60f4bc210c9aa375f5e3ec77caf2f9.o(B[m
build/X86/gem5.build/scons_config/conftest_fc44fbdd5cf1cbd0f4445fc96a17746b_0.c:2:10: fatal error: valgrind/valgrind.h: No such file or directory
    2 | #include "valgrind/valgrind.h"
      |          ^~~~~~~~~~~~~~~~~~~~~
compilation terminated.
scons: Configure: no


file /home/leonkuabc/gem5/site_scons/gem5_scons/configure.py,line 173:
	Configure(confdir = build/X86/gem5.build/scons_config)
build/X86/gem5.build/scons_config/conftest_5a5d5db21b8c0c10baa6ac0764f01dca_0.cc <-
  |
  |            int main() {return 0;}
  |            namespace [[gnu::deprecated("Test namespace deprecation")]]
  |            test_deprecated_namespace {}
  |        
(B[m [     CXX] [33mX86/gem5.build/scons_config/conftest_5a5d5db21b8c0c10baa6ac0764f01dca_0[33m[1m.cc[34m[1m -> [33m[1m_393f4ecae9b4c34707b28d41bd167b07.o(B[m

file /home/leonkuabc/gem5/site_scons/gem5_scons/configure.py,line 173:
	Configure(confdir = build/X86/gem5.build/scons_config)
scons: Configure: Checking for pkg-config package hdf5-serial... 
pkg-config hdf5-serial
scons: Configure: yes

scons: Configure: Checking for H5Fcreate("", 0, 0, 0) in C library hdf5... 
build/X86/gem5.build/scons_config/conftest_0ad74dca69d9d81623853ceb0deac13c_0.c <-
  |
  |
  |#include "hdf5.h"
  |
  |int
  |main() {
  |  H5Fcreate("", 0, 0, 0);
  |return 0;
  |}
  |
(B[m [      CC] [33mX86/gem5.build/scons_config/conftest_0ad74dca69d9d81623853ceb0deac13c_0[33m[1m.c[34m[1m -> [33m[1m.o(B[m
(B[m [    LINK] [33m[33m[1m[34m[1m -> [33m[1mX86/gem5.build/scons_config/conftest_0ad74dca69d9d81623853ceb0deac13c_0_ca1ffd91b7922b533994db54046507a1(B[m
scons: Configure: yes

scons: Configure: Checking for H5::H5File("", 0) in C++ library hdf5_cpp... 
build/X86/gem5.build/scons_config/conftest_03c2db294f88e17c6cfae19f9e3947e9_0.cpp <-
  |
  |
  |#include "H5Cpp.h"
  |
  |int
  |main() {
  |  H5::H5File("", 0);
  |return 0;
  |}
  |
(B[m [     CXX] [33mX86/gem5.build/scons_config/conftest_03c2db294f88e17c6cfae19f9e3947e9_0[33m[1m.cpp[34m[1m -> [33m[1m.o(B[m
(B[m [    LINK] [33m[33m[1m[34m[1m -> [33m[1mX86/gem5.build/scons_config/conftest_03c2db294f88e17c6cfae19f9e3947e9_0_ad093d4a6c770d0f8c5be015ce7c88ea(B[m
scons: Configure: yes


file /home/leonkuabc/gem5/site_scons/gem5_scons/configure.py,line 173:
	Configure(confdir = build/X86/gem5.build/scons_config)
scons: Configure: Checking for pkg-config package protobuf... 
pkg-config protobuf
scons: Configure: yes


file /home/leonkuabc/gem5/site_scons/gem5_scons/configure.py,line 173:
	Configure(confdir = build/X86/gem5.build/scons_config)
scons: Configure: Checking for C header file linux/if_tun.h... 
build/X86/gem5.build/scons_config/conftest_479afe281e6dd1a87a0a74ae5e0195a7_0.c <-
  |
  |#include <linux/if_tun.h>
  |
  |
(B[m [      CC] [33mX86/gem5.build/scons_config/conftest_479afe281e6dd1a87a0a74ae5e0195a7_0[33m[1m.c[34m[1m -> [33m[1m_c7fc5201d03fc4d486b17abecb5be94c.o(B[m
scons: Configure: yes


file /home/leonkuabc/gem5/site_scons/gem5_scons/configure.py,line 173:
	Configure(confdir = build/X86/gem5.build/scons_config)
scons: Configure: Checking whether __i386__ is declared... 
build/X86/gem5.build/scons_config/conftest_35422207c1ff9f87810e3f3cf05741b3_0.c <-
  |
  |int main(void)
  |{
  |#ifndef __i386__
  |    (void) __i386__;
  |#endif
  |    ;
  |    return 0;
  |}
  |
(B[m [      CC] [33mX86/gem5.build/scons_config/conftest_35422207c1ff9f87810e3f3cf05741b3_0[33m[1m.c[34m[1m -> [33m[1m_7bc97d129d6208b8d2ea9aff96ba5bd9.o(B[m
build/X86/gem5.build/scons_config/conftest_35422207c1ff9f87810e3f3cf05741b3_0.c: In function ‘main’:
build/X86/gem5.build/scons_config/conftest_35422207c1ff9f87810e3f3cf05741b3_0.c:5:12: error: ‘__i386__’ undeclared (first use in this function)
    5 |     (void) __i386__;
      |            ^~~~~~~~
build/X86/gem5.build/scons_config/conftest_35422207c1ff9f87810e3f3cf05741b3_0.c:5:12: note: each undeclared identifier is reported only once for each function it appears in
scons: Configure: no

scons: Configure: Checking whether __x86_64__ is declared... 
build/X86/gem5.build/scons_config/conftest_fc5c667aeab98cc869c22ec2d558eb9d_0.c <-
  |
  |int main(void)
  |{
  |#ifndef __x86_64__
  |    (void) __x86_64__;
  |#endif
  |    ;
  |    return 0;
  |}
  |
(B[m [      CC] [33mX86/gem5.build/scons_config/conftest_fc5c667aeab98cc869c22ec2d558eb9d_0[33m[1m.c[34m[1m -> [33m[1m_5ed1bd09ee8bb91c2a734ac2596b1a24.o(B[m
scons: Configure: yes


file /home/leonkuabc/gem5/site_scons/gem5_scons/configure.py,line 173:
	Configure(confdir = build/X86/gem5.build/scons_config)
scons: Configure: Checking for compiler -Wno-self-assign-overloaded support... 
build/X86/gem5.build/scons_config/conftest_342d5457cbf4639ef3e0d4fb7b8ef89b_1.cc <-
  |// CheckCxxFlag DO NOTHING
(B[m [     CXX] [33mX86/gem5.build/scons_config/conftest_342d5457cbf4639ef3e0d4fb7b8ef89b_1[33m[1m.cc[34m[1m -> [33m[1m_2eb5fc05e0f0d2f8038d851a35ceec70.o(B[m
scons: Configure: yes


file /home/leonkuabc/gem5/site_scons/gem5_scons/configure.py,line 173:
	Configure(confdir = build/X86/gem5.build/scons_config)
scons: Configure: Checking for linker -Wno-free-nonheap-object support... 
build/X86/gem5.build/scons_config/conftest_da935ab7a2c376c10f2ce1130ab88c51_2.cc <-
  |int main(int, char *[]) { return 0; }
(B[m [     CXX] [33mX86/gem5.build/scons_config/conftest_da935ab7a2c376c10f2ce1130ab88c51_2[33m[1m.cc[34m[1m -> [33m[1m.o(B[m
ext/libelf/native-elf-format > build/X86/ext/libelf/native-elf-format.h
(B[m [    SHCC] [33m[33m[1mext/libelf/elf.c[34m[1m -> [33m[1mX86/ext/libelf/elf.os(B[m
(B[m [    SHCC] [33m[33m[1mext/libelf/elf_begin.c[34m[1m -> [33m[1mX86/ext/libelf/elf_begin.os(B[m
(B[m [    SHCC] [33m[33m[1mext/libelf/elf_cntl.c[34m[1m -> [33m[1mX86/ext/libelf/elf_cntl.os(B[m
(B[m [    SHCC] [33m[33m[1mext/libelf/elf_data.c[34m[1m -> [33m[1mX86/ext/libelf/elf_data.os(B[m
(B[m [    SHCC] [33m[33m[1mext/libelf/elf_end.c[34m[1m -> [33m[1mX86/ext/libelf/elf_end.os(B[m
(B[m [    SHCC] [33m[33m[1mext/libelf/elf_errmsg.c[34m[1m -> [33m[1mX86/ext/libelf/elf_errmsg.os(B[m
(B[m [    SHCC] [33m[33m[1mext/libelf/elf_errno.c[34m[1m -> [33m[1mX86/ext/libelf/elf_errno.os(B[m
(B[m [    SHCC] [33m[33m[1mext/libelf/elf_fill.c[34m[1m -> [33m[1mX86/ext/libelf/elf_fill.os(B[m
(B[m [    SHCC] [33m[33m[1mext/libelf/elf_flag.c[34m[1m -> [33m[1mX86/ext/libelf/elf_flag.os(B[m
(B[m [    SHCC] [33m[33m[1mext/libelf/elf_getarhdr.c[34m[1m -> [33m[1mX86/ext/libelf/elf_getarhdr.os(B[m
(B[m [    SHCC] [33m[33m[1mext/libelf/elf_getarsym.c[34m[1m -> [33m[1mX86/ext/libelf/elf_getarsym.os(B[m
(B[m [    SHCC] [33m[33m[1mext/libelf/elf_getbase.c[34m[1m -> [33m[1mX86/ext/libelf/elf_getbase.os(B[m
(B[m [    SHCC] [33m[33m[1mext/libelf/elf_getident.c[34m[1m -> [33m[1mX86/ext/libelf/elf_getident.os(B[m
(B[m [    SHCC] [33m[33m[1mext/libelf/elf_hash.c[34m[1m -> [33m[1mX86/ext/libelf/elf_hash.os(B[m
(B[m [    SHCC] [33m[33m[1mext/libelf/elf_kind.c[34m[1m -> [33m[1mX86/ext/libelf/elf_kind.os(B[m
(B[m [    SHCC] [33m[33m[1mext/libelf/elf_memory.c[34m[1m -> [33m[1mX86/ext/libelf/elf_memory.os(B[m
(B[m [    SHCC] [33m[33m[1mext/libelf/elf_next.c[34m[1m -> [33m[1mX86/ext/libelf/elf_next.os(B[m
(B[m [    SHCC] [33m[33m[1mext/libelf/elf_open.c[34m[1m -> [33m[1mX86/ext/libelf/elf_open.os(B[m
(B[m [    SHCC] [33m[33m[1mext/libelf/elf_phnum.c[34m[1m -> [33m[1mX86/ext/libelf/elf_phnum.os(B[m
(B[m [    SHCC] [33m[33m[1mext/libelf/elf_rand.c[34m[1m -> [33m[1mX86/ext/libelf/elf_rand.os(B[m
(B[m [    SHCC] [33m[33m[1mext/libelf/elf_rawfile.c[34m[1m -> [33m[1mX86/ext/libelf/elf_rawfile.os(B[m
(B[m [    SHCC] [33m[33m[1mext/libelf/elf_scn.c[34m[1m -> [33m[1mX86/ext/libelf/elf_scn.os(B[m
(B[m [    SHCC] [33m[33m[1mext/libelf/elf_shnum.c[34m[1m -> [33m[1mX86/ext/libelf/elf_shnum.os(B[m
(B[m [    SHCC] [33m[33m[1mext/libelf/elf_shstrndx.c[34m[1m -> [33m[1mX86/ext/libelf/elf_shstrndx.os(B[m
(B[m [    SHCC] [33m[33m[1mext/libelf/elf_strptr.c[34m[1m -> [33m[1mX86/ext/libelf/elf_strptr.os(B[m
(B[m [    SHCC] [33m[33m[1mext/libelf/elf_update.c[34m[1m -> [33m[1mX86/ext/libelf/elf_update.os(B[m
(B[m [    SHCC] [33m[33m[1mext/libelf/elf_version.c[34m[1m -> [33m[1mX86/ext/libelf/elf_version.os(B[m
(B[m [    SHCC] [33m[33m[1mext/libelf/gelf_cap.c[34m[1m -> [33m[1mX86/ext/libelf/gelf_cap.os(B[m
(B[m [    SHCC] [33m[33m[1mext/libelf/gelf_checksum.c[34m[1m -> [33m[1mX86/ext/libelf/gelf_checksum.os(B[m
(B[m [    SHCC] [33m[33m[1mext/libelf/gelf_dyn.c[34m[1m -> [33m[1mX86/ext/libelf/gelf_dyn.os(B[m
(B[m [    SHCC] [33m[33m[1mext/libelf/gelf_ehdr.c[34m[1m -> [33m[1mX86/ext/libelf/gelf_ehdr.os(B[m
(B[m [    SHCC] [33m[33m[1mext/libelf/gelf_fsize.c[34m[1m -> [33m[1mX86/ext/libelf/gelf_fsize.os(B[m
(B[m [    SHCC] [33m[33m[1mext/libelf/gelf_getclass.c[34m[1m -> [33m[1mX86/ext/libelf/gelf_getclass.os(B[m
(B[m [    SHCC] [33m[33m[1mext/libelf/gelf_move.c[34m[1m -> [33m[1mX86/ext/libelf/gelf_move.os(B[m
(B[m [    SHCC] [33m[33m[1mext/libelf/gelf_phdr.c[34m[1m -> [33m[1mX86/ext/libelf/gelf_phdr.os(B[m
(B[m [    SHCC] [33m[33m[1mext/libelf/gelf_rel.c[34m[1m -> [33m[1mX86/ext/libelf/gelf_rel.os(B[m
(B[m [    SHCC] [33m[33m[1mext/libelf/gelf_rela.c[34m[1m -> [33m[1mX86/ext/libelf/gelf_rela.os(B[m
(B[m [    SHCC] [33m[33m[1mext/libelf/gelf_shdr.c[34m[1m -> [33m[1mX86/ext/libelf/gelf_shdr.os(B[m
(B[m [    SHCC] [33m[33m[1mext/libelf/gelf_sym.c[34m[1m -> [33m[1mX86/ext/libelf/gelf_sym.os(B[m
(B[m [    SHCC] [33m[33m[1mext/libelf/gelf_syminfo.c[34m[1m -> [33m[1mX86/ext/libelf/gelf_syminfo.os(B[m
(B[m [    SHCC] [33m[33m[1mext/libelf/gelf_symshndx.c[34m[1m -> [33m[1mX86/ext/libelf/gelf_symshndx.os(B[m
(B[m [    SHCC] [33m[33m[1mext/libelf/gelf_xlate.c[34m[1m -> [33m[1mX86/ext/libelf/gelf_xlate.os(B[m
(B[m [    SHCC] [33m[33m[1mext/libelf/libelf.c[34m[1m -> [33m[1mX86/ext/libelf/libelf.os(B[m
(B[m [    SHCC] [33m[33m[1mext/libelf/libelf_align.c[34m[1m -> [33m[1mX86/ext/libelf/libelf_align.os(B[m
(B[m [    SHCC] [33m[33m[1mext/libelf/libelf_allocate.c[34m[1m -> [33m[1mX86/ext/libelf/libelf_allocate.os(B[m
(B[m [    SHCC] [33m[33m[1mext/libelf/libelf_ar.c[34m[1m -> [33m[1mX86/ext/libelf/libelf_ar.os(B[m
(B[m [    SHCC] [33m[33m[1mext/libelf/libelf_ar_util.c[34m[1m -> [33m[1mX86/ext/libelf/libelf_ar_util.os(B[m
(B[m [    SHCC] [33m[33m[1mext/libelf/libelf_checksum.c[34m[1m -> [33m[1mX86/ext/libelf/libelf_checksum.os(B[m
(B[m [    SHCC] [33m[33m[1mext/libelf/libelf_data.c[34m[1m -> [33m[1mX86/ext/libelf/libelf_data.os(B[m
(B[m [    SHCC] [33m[33m[1mext/libelf/libelf_ehdr.c[34m[1m -> [33m[1mX86/ext/libelf/libelf_ehdr.os(B[m
(B[m [    SHCC] [33m[33m[1mext/libelf/libelf_extended.c[34m[1m -> [33m[1mX86/ext/libelf/libelf_extended.os(B[m
(B[m [    SHCC] [33m[33m[1mext/libelf/libelf_memory.c[34m[1m -> [33m[1mX86/ext/libelf/libelf_memory.os(B[m
(B[m [    SHCC] [33m[33m[1mext/libelf/libelf_open.c[34m[1m -> [33m[1mX86/ext/libelf/libelf_open.os(B[m
(B[m [    SHCC] [33m[33m[1mext/libelf/libelf_phdr.c[34m[1m -> [33m[1mX86/ext/libelf/libelf_phdr.os(B[m
(B[m [    SHCC] [33m[33m[1mext/libelf/libelf_shdr.c[34m[1m -> [33m[1mX86/ext/libelf/libelf_shdr.os(B[m
(B[m [    SHCC] [33m[33m[1mext/libelf/libelf_xlate.c[34m[1m -> [33m[1mX86/ext/libelf/libelf_xlate.os(B[m
(B[m [      M4] [33m[33m[1mext/libelf/elf_types.m4, ext/libelf/libelf_convert.m4[34m[1m -> [33m[1mX86/ext/libelf/libelf_convert.c(B[m
(B[m [    SHCC] [33mX86/ext/libelf/libelf_convert[33m[1m.c[34m[1m -> [33m[1m.os(B[m
(B[m [      M4] [33m[33m[1mext/libelf/elf_types.m4, ext/libelf/libelf_fsize.m4[34m[1m -> [33m[1mX86/ext/libelf/libelf_fsize.c(B[m
(B[m [    SHCC] [33mX86/ext/libelf/libelf_fsize[33m[1m.c[34m[1m -> [33m[1m.os(B[m
(B[m [      M4] [33m[33m[1mext/libelf/elf_types.m4, ext/libelf/libelf_msize.m4[34m[1m -> [33m[1mX86/ext/libelf/libelf_msize.c(B[m
(B[m [    SHCC] [33mX86/ext/libelf/libelf_msize[33m[1m.c[34m[1m -> [33m[1m.os(B[m
(B[m [      AR] [33m[33m[1m[34m[1m -> [33m[1mX86/ext/libelf/libelf.a(B[m
(B[m [  RANLIB] [33m[33m[1m[34m[1m -> [33m[1mX86/ext/libelf/libelf.a(B[m
(B[m [    SHCC] [33m[33m[1mext/libfdt/fdt.c[34m[1m -> [33m[1mX86/ext/libfdt/fdt.os(B[m
(B[m [    SHCC] [33m[33m[1mext/libfdt/fdt_ro.c[34m[1m -> [33m[1mX86/ext/libfdt/fdt_ro.os(B[m
(B[m [    SHCC] [33m[33m[1mext/libfdt/fdt_rw.c[34m[1m -> [33m[1mX86/ext/libfdt/fdt_rw.os(B[m
(B[m [    SHCC] [33m[33m[1mext/libfdt/fdt_sw.c[34m[1m -> [33m[1mX86/ext/libfdt/fdt_sw.os(B[m
(B[m [    SHCC] [33m[33m[1mext/libfdt/fdt_wip.c[34m[1m -> [33m[1mX86/ext/libfdt/fdt_wip.os(B[m
(B[m [    SHCC] [33m[33m[1mext/libfdt/fdt_empty_tree.c[34m[1m -> [33m[1mX86/ext/libfdt/fdt_empty_tree.os(B[m
(B[m [    SHCC] [33m[33m[1mext/libfdt/fdt_strerror.c[34m[1m -> [33m[1mX86/ext/libfdt/fdt_strerror.os(B[m
(B[m [      AR] [33m[33m[1m[34m[1m -> [33m[1mX86/ext/libfdt/libfdt.a(B[m
(B[m [  RANLIB] [33m[33m[1m[34m[1m -> [33m[1mX86/ext/libfdt/libfdt.a(B[m
(B[m [   SHCXX] [33m[33m[1mext/iostream3/zfstream.cc[34m[1m -> [33m[1mX86/ext/iostream3/zfstream.os(B[m
(B[m [      AR] [33m[33m[1m[34m[1m -> [33m[1mX86/ext/iostream3/libiostream3.a(B[m
(B[m [  RANLIB] [33m[33m[1m[34m[1m -> [33m[1mX86/ext/iostream3/libiostream3.a(B[m
(B[m [    SHCC] [33m[33m[1mext/fputils/fp64.c[34m[1m -> [33m[1mX86/ext/fputils/fp64.os(B[m
(B[m [    SHCC] [33m[33m[1mext/fputils/fp80.c[34m[1m -> [33m[1mX86/ext/fputils/fp80.os(B[m
(B[m [      AR] [33m[33m[1m[34m[1m -> [33m[1mX86/ext/fputils/libfputils.a(B[m
(B[m [  RANLIB] [33m[33m[1m[34m[1m -> [33m[1mX86/ext/fputils/libfputils.a(B[m
(B[m [   SHCXX] [33m[33m[1mext/drampower/src/CommandAnalysis.cc[34m[1m -> [33m[1mX86/ext/drampower/src/CommandAnalysis.os(B[m
(B[m [   SHCXX] [33m[33m[1mext/drampower/src/MemArchitectureSpec.cc[34m[1m -> [33m[1mX86/ext/drampower/src/MemArchitectureSpec.os(B[m
(B[m [   SHCXX] [33m[33m[1mext/drampower/src/MemCommand.cc[34m[1m -> [33m[1mX86/ext/drampower/src/MemCommand.os(B[m
(B[m [   SHCXX] [33m[33m[1mext/drampower/src/MemPowerSpec.cc[34m[1m -> [33m[1mX86/ext/drampower/src/MemPowerSpec.os(B[m
(B[m [   SHCXX] [33m[33m[1mext/drampower/src/MemTimingSpec.cc[34m[1m -> [33m[1mX86/ext/drampower/src/MemTimingSpec.os(B[m
(B[m [   SHCXX] [33m[33m[1mext/drampower/src/MemoryPowerModel.cc[34m[1m -> [33m[1mX86/ext/drampower/src/MemoryPowerModel.os(B[m
(B[m [   SHCXX] [33m[33m[1mext/drampower/src/MemorySpecification.cc[34m[1m -> [33m[1mX86/ext/drampower/src/MemorySpecification.os(B[m
(B[m [   SHCXX] [33m[33m[1mext/drampower/src/Parameter.cc[34m[1m -> [33m[1mX86/ext/drampower/src/Parameter.os(B[m
(B[m [   SHCXX] [33m[33m[1mext/drampower/src/Parametrisable.cc[34m[1m -> [33m[1mX86/ext/drampower/src/Parametrisable.os(B[m
(B[m [   SHCXX] [33m[33m[1mext/drampower/src/libdrampower/LibDRAMPower.cc[34m[1m -> [33m[1mX86/ext/drampower/src/libdrampower/LibDRAMPower.os(B[m
(B[m [   SHCXX] [33m[33m[1mext/drampower/src/CAHelpers.cc[34m[1m -> [33m[1mX86/ext/drampower/src/CAHelpers.os(B[m
(B[m [   SHCXX] [33m[33m[1mext/drampower/src/CmdHandlers.cc[34m[1m -> [33m[1mX86/ext/drampower/src/CmdHandlers.os(B[m
(B[m [   SHCXX] [33m[33m[1mext/drampower/src/MemBankWiseParams.cc[34m[1m -> [33m[1mX86/ext/drampower/src/MemBankWiseParams.os(B[m
(B[m [      AR] [33m[33m[1m[34m[1m -> [33m[1mX86/ext/drampower/libdrampower.a(B[m
(B[m [  RANLIB] [33m[33m[1m[34m[1m -> [33m[1mX86/ext/drampower/libdrampower.a(B[m
(B[m [   SHCXX] [33m[33m[1mext/nomali/lib/gpu.cc[34m[1m -> [33m[1mX86/ext/nomali/lib/gpu.os(B[m
(B[m [   SHCXX] [33m[33m[1mext/nomali/lib/gpublock.cc[34m[1m -> [33m[1mX86/ext/nomali/lib/gpublock.os(B[m
(B[m [   SHCXX] [33m[33m[1mext/nomali/lib/gpucontrol.cc[34m[1m -> [33m[1mX86/ext/nomali/lib/gpucontrol.os(B[m
(B[m [   SHCXX] [33m[33m[1mext/nomali/lib/jobcontrol.cc[34m[1m -> [33m[1mX86/ext/nomali/lib/jobcontrol.os(B[m
(B[m [   SHCXX] [33m[33m[1mext/nomali/lib/jobslot.cc[34m[1m -> [33m[1mX86/ext/nomali/lib/jobslot.os(B[m
(B[m [   SHCXX] [33m[33m[1mext/nomali/lib/mali_midgard.cc[34m[1m -> [33m[1mX86/ext/nomali/lib/mali_midgard.os(B[m
(B[m [   SHCXX] [33m[33m[1mext/nomali/lib/mali_t6xx.cc[34m[1m -> [33m[1mX86/ext/nomali/lib/mali_t6xx.os(B[m
(B[m [   SHCXX] [33m[33m[1mext/nomali/lib/mali_t7xx.cc[34m[1m -> [33m[1mX86/ext/nomali/lib/mali_t7xx.os(B[m
(B[m [   SHCXX] [33m[33m[1mext/nomali/lib/addrspace.cc[34m[1m -> [33m[1mX86/ext/nomali/lib/addrspace.os(B[m
(B[m [   SHCXX] [33m[33m[1mext/nomali/lib/mmu.cc[34m[1m -> [33m[1mX86/ext/nomali/lib/mmu.os(B[m
(B[m [   SHCXX] [33m[33m[1mext/nomali/lib/nomali_api.cc[34m[1m -> [33m[1mX86/ext/nomali/lib/nomali_api.os(B[m
(B[m [      AR] [33m[33m[1m[34m[1m -> [33m[1mX86/ext/nomali/libnomali.a(B[m
(B[m [  RANLIB] [33m[33m[1m[34m[1m -> [33m[1mX86/ext/nomali/libnomali.a(B[m
(B[m [    SHCC] [33m[33m[1mext/softfloat/f16_add.c[34m[1m -> [33m[1mX86/ext/softfloat/f16_add.os(B[m
(B[m [    SHCC] [33m[33m[1mext/softfloat/f16_classify.c[34m[1m -> [33m[1mX86/ext/softfloat/f16_classify.os(B[m
(B[m [    SHCC] [33m[33m[1mext/softfloat/f16_div.c[34m[1m -> [33m[1mX86/ext/softfloat/f16_div.os(B[m
(B[m [    SHCC] [33m[33m[1mext/softfloat/f16_eq.c[34m[1m -> [33m[1mX86/ext/softfloat/f16_eq.os(B[m
(B[m [    SHCC] [33m[33m[1mext/softfloat/f16_eq_signaling.c[34m[1m -> [33m[1mX86/ext/softfloat/f16_eq_signaling.os(B[m
(B[m [    SHCC] [33m[33m[1mext/softfloat/f16_isSignalingNaN.c[34m[1m -> [33m[1mX86/ext/softfloat/f16_isSignalingNaN.os(B[m
(B[m [    SHCC] [33m[33m[1mext/softfloat/f16_le.c[34m[1m -> [33m[1mX86/ext/softfloat/f16_le.os(B[m
(B[m [    SHCC] [33m[33m[1mext/softfloat/f16_le_quiet.c[34m[1m -> [33m[1mX86/ext/softfloat/f16_le_quiet.os(B[m
(B[m [    SHCC] [33m[33m[1mext/softfloat/f16_lt.c[34m[1m -> [33m[1mX86/ext/softfloat/f16_lt.os(B[m
(B[m [    SHCC] [33m[33m[1mext/softfloat/f16_lt_quiet.c[34m[1m -> [33m[1mX86/ext/softfloat/f16_lt_quiet.os(B[m
(B[m [    SHCC] [33m[33m[1mext/softfloat/f16_mulAdd.c[34m[1m -> [33m[1mX86/ext/softfloat/f16_mulAdd.os(B[m
(B[m [    SHCC] [33m[33m[1mext/softfloat/f16_mul.c[34m[1m -> [33m[1mX86/ext/softfloat/f16_mul.os(B[m
(B[m [    SHCC] [33m[33m[1mext/softfloat/f16_rem.c[34m[1m -> [33m[1mX86/ext/softfloat/f16_rem.os(B[m
(B[m [    SHCC] [33m[33m[1mext/softfloat/f16_roundToInt.c[34m[1m -> [33m[1mX86/ext/softfloat/f16_roundToInt.os(B[m
(B[m [    SHCC] [33m[33m[1mext/softfloat/f16_sqrt.c[34m[1m -> [33m[1mX86/ext/softfloat/f16_sqrt.os(B[m
(B[m [    SHCC] [33m[33m[1mext/softfloat/f16_sub.c[34m[1m -> [33m[1mX86/ext/softfloat/f16_sub.os(B[m
(B[m [    SHCC] [33m[33m[1mext/softfloat/f16_to_f32.c[34m[1m -> [33m[1mX86/ext/softfloat/f16_to_f32.os(B[m
(B[m [    SHCC] [33m[33m[1mext/softfloat/f16_to_f64.c[34m[1m -> [33m[1mX86/ext/softfloat/f16_to_f64.os(B[m
(B[m [    SHCC] [33m[33m[1mext/softfloat/f16_to_i16.c[34m[1m -> [33m[1mX86/ext/softfloat/f16_to_i16.os(B[m
(B[m [    SHCC] [33m[33m[1mext/softfloat/f16_to_i32.c[34m[1m -> [33m[1mX86/ext/softfloat/f16_to_i32.os(B[m
(B[m [    SHCC] [33m[33m[1mext/softfloat/f16_to_i32_r_minMag.c[34m[1m -> [33m[1mX86/ext/softfloat/f16_to_i32_r_minMag.os(B[m
(B[m [    SHCC] [33m[33m[1mext/softfloat/f16_to_i64.c[34m[1m -> [33m[1mX86/ext/softfloat/f16_to_i64.os(B[m
(B[m [    SHCC] [33m[33m[1mext/softfloat/f16_to_i64_r_minMag.c[34m[1m -> [33m[1mX86/ext/softfloat/f16_to_i64_r_minMag.os(B[m
(B[m [    SHCC] [33m[33m[1mext/softfloat/f16_to_i8.c[34m[1m -> [33m[1mX86/ext/softfloat/f16_to_i8.os(B[m
(B[m [    SHCC] [33m[33m[1mext/softfloat/f16_to_ui16.c[34m[1m -> [33m[1mX86/ext/softfloat/f16_to_ui16.os(B[m
(B[m [    SHCC] [33m[33m[1mext/softfloat/f16_to_ui32.c[34m[1m -> [33m[1mX86/ext/softfloat/f16_to_ui32.os(B[m
(B[m [    SHCC] [33m[33m[1mext/softfloat/f16_to_ui32_r_minMag.c[34m[1m -> [33m[1mX86/ext/softfloat/f16_to_ui32_r_minMag.os(B[m
(B[m [    SHCC] [33m[33m[1mext/softfloat/f16_to_ui64.c[34m[1m -> [33m[1mX86/ext/softfloat/f16_to_ui64.os(B[m
(B[m [    SHCC] [33m[33m[1mext/softfloat/f16_to_ui64_r_minMag.c[34m[1m -> [33m[1mX86/ext/softfloat/f16_to_ui64_r_minMag.os(B[m
(B[m [    SHCC] [33m[33m[1mext/softfloat/f16_to_ui8.c[34m[1m -> [33m[1mX86/ext/softfloat/f16_to_ui8.os(B[m
(B[m [    SHCC] [33m[33m[1mext/softfloat/f32_add.c[34m[1m -> [33m[1mX86/ext/softfloat/f32_add.os(B[m
(B[m [    SHCC] [33m[33m[1mext/softfloat/f32_classify.c[34m[1m -> [33m[1mX86/ext/softfloat/f32_classify.os(B[m
(B[m [    SHCC] [33m[33m[1mext/softfloat/f32_div.c[34m[1m -> [33m[1mX86/ext/softfloat/f32_div.os(B[m
(B[m [    SHCC] [33m[33m[1mext/softfloat/f32_eq.c[34m[1m -> [33m[1mX86/ext/softfloat/f32_eq.os(B[m
(B[m [    SHCC] [33m[33m[1mext/softfloat/f32_eq_signaling.c[34m[1m -> [33m[1mX86/ext/softfloat/f32_eq_signaling.os(B[m
(B[m [    SHCC] [33m[33m[1mext/softfloat/f32_isSignalingNaN.c[34m[1m -> [33m[1mX86/ext/softfloat/f32_isSignalingNaN.os(B[m
(B[m [    SHCC] [33m[33m[1mext/softfloat/f32_le.c[34m[1m -> [33m[1mX86/ext/softfloat/f32_le.os(B[m
(B[m [    SHCC] [33m[33m[1mext/softfloat/f32_le_quiet.c[34m[1m -> [33m[1mX86/ext/softfloat/f32_le_quiet.os(B[m
(B[m [    SHCC] [33m[33m[1mext/softfloat/f32_lt.c[34m[1m -> [33m[1mX86/ext/softfloat/f32_lt.os(B[m
(B[m [    SHCC] [33m[33m[1mext/softfloat/f32_lt_quiet.c[34m[1m -> [33m[1mX86/ext/softfloat/f32_lt_quiet.os(B[m
(B[m [    SHCC] [33m[33m[1mext/softfloat/f32_mulAdd.c[34m[1m -> [33m[1mX86/ext/softfloat/f32_mulAdd.os(B[m
(B[m [    SHCC] [33m[33m[1mext/softfloat/f32_mul.c[34m[1m -> [33m[1mX86/ext/softfloat/f32_mul.os(B[m
(B[m [    SHCC] [33m[33m[1mext/softfloat/f32_rem.c[34m[1m -> [33m[1mX86/ext/softfloat/f32_rem.os(B[m
(B[m [    SHCC] [33m[33m[1mext/softfloat/f32_roundToInt.c[34m[1m -> [33m[1mX86/ext/softfloat/f32_roundToInt.os(B[m
(B[m [    SHCC] [33m[33m[1mext/softfloat/f32_sqrt.c[34m[1m -> [33m[1mX86/ext/softfloat/f32_sqrt.os(B[m
(B[m [    SHCC] [33m[33m[1mext/softfloat/f32_sub.c[34m[1m -> [33m[1mX86/ext/softfloat/f32_sub.os(B[m
(B[m [    SHCC] [33m[33m[1mext/softfloat/f32_to_f16.c[34m[1m -> [33m[1mX86/ext/softfloat/f32_to_f16.os(B[m
(B[m [    SHCC] [33m[33m[1mext/softfloat/f32_to_f64.c[34m[1m -> [33m[1mX86/ext/softfloat/f32_to_f64.os(B[m
(B[m [    SHCC] [33m[33m[1mext/softfloat/f32_to_i16.c[34m[1m -> [33m[1mX86/ext/softfloat/f32_to_i16.os(B[m
(B[m [    SHCC] [33m[33m[1mext/softfloat/f32_to_i32.c[34m[1m -> [33m[1mX86/ext/softfloat/f32_to_i32.os(B[m
(B[m [    SHCC] [33m[33m[1mext/softfloat/f32_to_i32_r_minMag.c[34m[1m -> [33m[1mX86/ext/softfloat/f32_to_i32_r_minMag.os(B[m
(B[m [    SHCC] [33m[33m[1mext/softfloat/f32_to_i64.c[34m[1m -> [33m[1mX86/ext/softfloat/f32_to_i64.os(B[m
(B[m [    SHCC] [33m[33m[1mext/softfloat/f32_to_i64_r_minMag.c[34m[1m -> [33m[1mX86/ext/softfloat/f32_to_i64_r_minMag.os(B[m
(B[m [    SHCC] [33m[33m[1mext/softfloat/f32_to_ui16.c[34m[1m -> [33m[1mX86/ext/softfloat/f32_to_ui16.os(B[m
(B[m [    SHCC] [33m[33m[1mext/softfloat/f32_to_ui32.c[34m[1m -> [33m[1mX86/ext/softfloat/f32_to_ui32.os(B[m
(B[m [    SHCC] [33m[33m[1mext/softfloat/f32_to_ui32_r_minMag.c[34m[1m -> [33m[1mX86/ext/softfloat/f32_to_ui32_r_minMag.os(B[m
(B[m [    SHCC] [33m[33m[1mext/softfloat/f32_to_ui64.c[34m[1m -> [33m[1mX86/ext/softfloat/f32_to_ui64.os(B[m
(B[m [    SHCC] [33m[33m[1mext/softfloat/f32_to_ui64_r_minMag.c[34m[1m -> [33m[1mX86/ext/softfloat/f32_to_ui64_r_minMag.os(B[m
(B[m [    SHCC] [33m[33m[1mext/softfloat/f16_to_extF80M.c[34m[1m -> [33m[1mX86/ext/softfloat/f16_to_extF80M.os(B[m
(B[m [    SHCC] [33m[33m[1mext/softfloat/f16_to_f128M.c[34m[1m -> [33m[1mX86/ext/softfloat/f16_to_f128M.os(B[m
(B[m [    SHCC] [33m[33m[1mext/softfloat/f32_to_extF80M.c[34m[1m -> [33m[1mX86/ext/softfloat/f32_to_extF80M.os(B[m
(B[m [    SHCC] [33m[33m[1mext/softfloat/f32_to_f128M.c[34m[1m -> [33m[1mX86/ext/softfloat/f32_to_f128M.os(B[m
(B[m [    SHCC] [33m[33m[1mext/softfloat/f64_add.c[34m[1m -> [33m[1mX86/ext/softfloat/f64_add.os(B[m
(B[m [    SHCC] [33m[33m[1mext/softfloat/f64_classify.c[34m[1m -> [33m[1mX86/ext/softfloat/f64_classify.os(B[m
(B[m [    SHCC] [33m[33m[1mext/softfloat/f64_div.c[34m[1m -> [33m[1mX86/ext/softfloat/f64_div.os(B[m
(B[m [    SHCC] [33m[33m[1mext/softfloat/f64_eq.c[34m[1m -> [33m[1mX86/ext/softfloat/f64_eq.os(B[m
(B[m [    SHCC] [33m[33m[1mext/softfloat/f64_eq_signaling.c[34m[1m -> [33m[1mX86/ext/softfloat/f64_eq_signaling.os(B[m
(B[m [    SHCC] [33m[33m[1mext/softfloat/f64_isSignalingNaN.c[34m[1m -> [33m[1mX86/ext/softfloat/f64_isSignalingNaN.os(B[m
(B[m [    SHCC] [33m[33m[1mext/softfloat/f64_le.c[34m[1m -> [33m[1mX86/ext/softfloat/f64_le.os(B[m
(B[m [    SHCC] [33m[33m[1mext/softfloat/f64_le_quiet.c[34m[1m -> [33m[1mX86/ext/softfloat/f64_le_quiet.os(B[m
(B[m [    SHCC] [33m[33m[1mext/softfloat/f64_lt.c[34m[1m -> [33m[1mX86/ext/softfloat/f64_lt.os(B[m
(B[m [    SHCC] [33m[33m[1mext/softfloat/f64_lt_quiet.c[34m[1m -> [33m[1mX86/ext/softfloat/f64_lt_quiet.os(B[m
(B[m [    SHCC] [33m[33m[1mext/softfloat/f64_mulAdd.c[34m[1m -> [33m[1mX86/ext/softfloat/f64_mulAdd.os(B[m
(B[m [    SHCC] [33m[33m[1mext/softfloat/f64_mul.c[34m[1m -> [33m[1mX86/ext/softfloat/f64_mul.os(B[m
(B[m [    SHCC] [33m[33m[1mext/softfloat/f64_rem.c[34m[1m -> [33m[1mX86/ext/softfloat/f64_rem.os(B[m
(B[m [    SHCC] [33m[33m[1mext/softfloat/f64_roundToInt.c[34m[1m -> [33m[1mX86/ext/softfloat/f64_roundToInt.os(B[m
(B[m [    SHCC] [33m[33m[1mext/softfloat/f64_sqrt.c[34m[1m -> [33m[1mX86/ext/softfloat/f64_sqrt.os(B[m
(B[m [    SHCC] [33m[33m[1mext/softfloat/f64_sub.c[34m[1m -> [33m[1mX86/ext/softfloat/f64_sub.os(B[m
(B[m [    SHCC] [33m[33m[1mext/softfloat/f64_to_extF80M.c[34m[1m -> [33m[1mX86/ext/softfloat/f64_to_extF80M.os(B[m
(B[m [    SHCC] [33m[33m[1mext/softfloat/f64_to_f128M.c[34m[1m -> [33m[1mX86/ext/softfloat/f64_to_f128M.os(B[m
(B[m [    SHCC] [33m[33m[1mext/softfloat/f64_to_f16.c[34m[1m -> [33m[1mX86/ext/softfloat/f64_to_f16.os(B[m
(B[m [    SHCC] [33m[33m[1mext/softfloat/f64_to_f32.c[34m[1m -> [33m[1mX86/ext/softfloat/f64_to_f32.os(B[m
(B[m [    SHCC] [33m[33m[1mext/softfloat/f64_to_i32.c[34m[1m -> [33m[1mX86/ext/softfloat/f64_to_i32.os(B[m
(B[m [    SHCC] [33m[33m[1mext/softfloat/f64_to_i32_r_minMag.c[34m[1m -> [33m[1mX86/ext/softfloat/f64_to_i32_r_minMag.os(B[m
(B[m [    SHCC] [33m[33m[1mext/softfloat/f64_to_i64.c[34m[1m -> [33m[1mX86/ext/softfloat/f64_to_i64.os(B[m
(B[m [    SHCC] [33m[33m[1mext/softfloat/f64_to_i64_r_minMag.c[34m[1m -> [33m[1mX86/ext/softfloat/f64_to_i64_r_minMag.os(B[m
(B[m [    SHCC] [33m[33m[1mext/softfloat/f64_to_ui32.c[34m[1m -> [33m[1mX86/ext/softfloat/f64_to_ui32.os(B[m
(B[m [    SHCC] [33m[33m[1mext/softfloat/f64_to_ui32_r_minMag.c[34m[1m -> [33m[1mX86/ext/softfloat/f64_to_ui32_r_minMag.os(B[m
(B[m [    SHCC] [33m[33m[1mext/softfloat/f64_to_ui64.c[34m[1m -> [33m[1mX86/ext/softfloat/f64_to_ui64.os(B[m
(B[m [    SHCC] [33m[33m[1mext/softfloat/f64_to_ui64_r_minMag.c[34m[1m -> [33m[1mX86/ext/softfloat/f64_to_ui64_r_minMag.os(B[m
(B[m [    SHCC] [33m[33m[1mext/softfloat/fall_maxmin.c[34m[1m -> [33m[1mX86/ext/softfloat/fall_maxmin.os(B[m
(B[m [    SHCC] [33m[33m[1mext/softfloat/fall_reciprocal.c[34m[1m -> [33m[1mX86/ext/softfloat/fall_reciprocal.os(B[m
(B[m [    SHCC] [33m[33m[1mext/softfloat/i32_to_extF80M.c[34m[1m -> [33m[1mX86/ext/softfloat/i32_to_extF80M.os(B[m
(B[m [    SHCC] [33m[33m[1mext/softfloat/i32_to_f128M.c[34m[1m -> [33m[1mX86/ext/softfloat/i32_to_f128M.os(B[m
(B[m [    SHCC] [33m[33m[1mext/softfloat/i32_to_f16.c[34m[1m -> [33m[1mX86/ext/softfloat/i32_to_f16.os(B[m
(B[m [    SHCC] [33m[33m[1mext/softfloat/i32_to_f32.c[34m[1m -> [33m[1mX86/ext/softfloat/i32_to_f32.os(B[m
(B[m [    SHCC] [33m[33m[1mext/softfloat/i32_to_f64.c[34m[1m -> [33m[1mX86/ext/softfloat/i32_to_f64.os(B[m
(B[m [    SHCC] [33m[33m[1mext/softfloat/i64_to_extF80M.c[34m[1m -> [33m[1mX86/ext/softfloat/i64_to_extF80M.os(B[m
(B[m [    SHCC] [33m[33m[1mext/softfloat/i64_to_f128M.c[34m[1m -> [33m[1mX86/ext/softfloat/i64_to_f128M.os(B[m
(B[m [    SHCC] [33m[33m[1mext/softfloat/i64_to_f16.c[34m[1m -> [33m[1mX86/ext/softfloat/i64_to_f16.os(B[m
(B[m [    SHCC] [33m[33m[1mext/softfloat/i64_to_f32.c[34m[1m -> [33m[1mX86/ext/softfloat/i64_to_f32.os(B[m
(B[m [    SHCC] [33m[33m[1mext/softfloat/i64_to_f64.c[34m[1m -> [33m[1mX86/ext/softfloat/i64_to_f64.os(B[m
(B[m [    SHCC] [33m[33m[1mext/softfloat/s_addMagsF16.c[34m[1m -> [33m[1mX86/ext/softfloat/s_addMagsF16.os(B[m
(B[m [    SHCC] [33m[33m[1mext/softfloat/s_addMagsF32.c[34m[1m -> [33m[1mX86/ext/softfloat/s_addMagsF32.os(B[m
(B[m [    SHCC] [33m[33m[1mext/softfloat/s_addMagsF64.c[34m[1m -> [33m[1mX86/ext/softfloat/s_addMagsF64.os(B[m
(B[m [    SHCC] [33m[33m[1mext/softfloat/s_approxRecip_1Ks.c[34m[1m -> [33m[1mX86/ext/softfloat/s_approxRecip_1Ks.os(B[m
(B[m [    SHCC] [33m[33m[1mext/softfloat/s_approxRecip32_1.c[34m[1m -> [33m[1mX86/ext/softfloat/s_approxRecip32_1.os(B[m
(B[m [    SHCC] [33m[33m[1mext/softfloat/s_approxRecipSqrt_1Ks.c[34m[1m -> [33m[1mX86/ext/softfloat/s_approxRecipSqrt_1Ks.os(B[m
(B[m [    SHCC] [33m[33m[1mext/softfloat/s_approxRecipSqrt32_1.c[34m[1m -> [33m[1mX86/ext/softfloat/s_approxRecipSqrt32_1.os(B[m
(B[m [    SHCC] [33m[33m[1mext/softfloat/s_commonNaNToF16UI.c[34m[1m -> [33m[1mX86/ext/softfloat/s_commonNaNToF16UI.os(B[m
(B[m [    SHCC] [33m[33m[1mext/softfloat/s_commonNaNToF32UI.c[34m[1m -> [33m[1mX86/ext/softfloat/s_commonNaNToF32UI.os(B[m
(B[m [    SHCC] [33m[33m[1mext/softfloat/s_commonNaNToF64UI.c[34m[1m -> [33m[1mX86/ext/softfloat/s_commonNaNToF64UI.os(B[m
(B[m [    SHCC] [33m[33m[1mext/softfloat/s_countLeadingZeros16.c[34m[1m -> [33m[1mX86/ext/softfloat/s_countLeadingZeros16.os(B[m
(B[m [    SHCC] [33m[33m[1mext/softfloat/s_countLeadingZeros32.c[34m[1m -> [33m[1mX86/ext/softfloat/s_countLeadingZeros32.os(B[m
(B[m [    SHCC] [33m[33m[1mext/softfloat/s_countLeadingZeros64.c[34m[1m -> [33m[1mX86/ext/softfloat/s_countLeadingZeros64.os(B[m
(B[m [    SHCC] [33m[33m[1mext/softfloat/s_countLeadingZeros8.c[34m[1m -> [33m[1mX86/ext/softfloat/s_countLeadingZeros8.os(B[m
(B[m [    SHCC] [33m[33m[1mext/softfloat/s_f128UIToCommonNaN.c[34m[1m -> [33m[1mX86/ext/softfloat/s_f128UIToCommonNaN.os(B[m
(B[m [    SHCC] [33m[33m[1mext/softfloat/s_f16UIToCommonNaN.c[34m[1m -> [33m[1mX86/ext/softfloat/s_f16UIToCommonNaN.os(B[m
(B[m [    SHCC] [33m[33m[1mext/softfloat/s_f32UIToCommonNaN.c[34m[1m -> [33m[1mX86/ext/softfloat/s_f32UIToCommonNaN.os(B[m
(B[m [    SHCC] [33m[33m[1mext/softfloat/s_f64UIToCommonNaN.c[34m[1m -> [33m[1mX86/ext/softfloat/s_f64UIToCommonNaN.os(B[m
(B[m [    SHCC] [33m[33m[1mext/softfloat/s_mulAddF16.c[34m[1m -> [33m[1mX86/ext/softfloat/s_mulAddF16.os(B[m
(B[m [    SHCC] [33m[33m[1mext/softfloat/s_mulAddF32.c[34m[1m -> [33m[1mX86/ext/softfloat/s_mulAddF32.os(B[m
(B[m [    SHCC] [33m[33m[1mext/softfloat/s_mulAddF64.c[34m[1m -> [33m[1mX86/ext/softfloat/s_mulAddF64.os(B[m
(B[m [    SHCC] [33m[33m[1mext/softfloat/s_normRoundPackToF16.c[34m[1m -> [33m[1mX86/ext/softfloat/s_normRoundPackToF16.os(B[m
(B[m [    SHCC] [33m[33m[1mext/softfloat/s_normRoundPackToF32.c[34m[1m -> [33m[1mX86/ext/softfloat/s_normRoundPackToF32.os(B[m
(B[m [    SHCC] [33m[33m[1mext/softfloat/s_normRoundPackToF64.c[34m[1m -> [33m[1mX86/ext/softfloat/s_normRoundPackToF64.os(B[m
(B[m [    SHCC] [33m[33m[1mext/softfloat/s_normSubnormalF16Sig.c[34m[1m -> [33m[1mX86/ext/softfloat/s_normSubnormalF16Sig.os(B[m
(B[m [    SHCC] [33m[33m[1mext/softfloat/s_normSubnormalF32Sig.c[34m[1m -> [33m[1mX86/ext/softfloat/s_normSubnormalF32Sig.os(B[m
(B[m [    SHCC] [33m[33m[1mext/softfloat/s_normSubnormalF64Sig.c[34m[1m -> [33m[1mX86/ext/softfloat/s_normSubnormalF64Sig.os(B[m
(B[m [    SHCC] [33m[33m[1mext/softfloat/s_propagateNaNF16UI.c[34m[1m -> [33m[1mX86/ext/softfloat/s_propagateNaNF16UI.os(B[m
(B[m [    SHCC] [33m[33m[1mext/softfloat/s_propagateNaNF32UI.c[34m[1m -> [33m[1mX86/ext/softfloat/s_propagateNaNF32UI.os(B[m
(B[m [    SHCC] [33m[33m[1mext/softfloat/s_propagateNaNF64UI.c[34m[1m -> [33m[1mX86/ext/softfloat/s_propagateNaNF64UI.os(B[m
(B[m [    SHCC] [33m[33m[1mext/softfloat/s_roundPackToF16.c[34m[1m -> [33m[1mX86/ext/softfloat/s_roundPackToF16.os(B[m
(B[m [    SHCC] [33m[33m[1mext/softfloat/s_roundPackToF32.c[34m[1m -> [33m[1mX86/ext/softfloat/s_roundPackToF32.os(B[m
(B[m [    SHCC] [33m[33m[1mext/softfloat/s_roundPackToF64.c[34m[1m -> [33m[1mX86/ext/softfloat/s_roundPackToF64.os(B[m
(B[m [    SHCC] [33m[33m[1mext/softfloat/s_roundPackToI32.c[34m[1m -> [33m[1mX86/ext/softfloat/s_roundPackToI32.os(B[m
(B[m [    SHCC] [33m[33m[1mext/softfloat/s_roundPackToI64.c[34m[1m -> [33m[1mX86/ext/softfloat/s_roundPackToI64.os(B[m
(B[m [    SHCC] [33m[33m[1mext/softfloat/s_roundPackToUI32.c[34m[1m -> [33m[1mX86/ext/softfloat/s_roundPackToUI32.os(B[m
(B[m [    SHCC] [33m[33m[1mext/softfloat/s_roundPackToUI64.c[34m[1m -> [33m[1mX86/ext/softfloat/s_roundPackToUI64.os(B[m
(B[m [    SHCC] [33m[33m[1mext/softfloat/s_roundToI32.c[34m[1m -> [33m[1mX86/ext/softfloat/s_roundToI32.os(B[m
(B[m [    SHCC] [33m[33m[1mext/softfloat/s_roundToI64.c[34m[1m -> [33m[1mX86/ext/softfloat/s_roundToI64.os(B[m
(B[m [    SHCC] [33m[33m[1mext/softfloat/s_roundToUI32.c[34m[1m -> [33m[1mX86/ext/softfloat/s_roundToUI32.os(B[m
(B[m [    SHCC] [33m[33m[1mext/softfloat/s_shiftRightJam32.c[34m[1m -> [33m[1mX86/ext/softfloat/s_shiftRightJam32.os(B[m
(B[m [    SHCC] [33m[33m[1mext/softfloat/s_shiftRightJam64.c[34m[1m -> [33m[1mX86/ext/softfloat/s_shiftRightJam64.os(B[m
(B[m [    SHCC] [33m[33m[1mext/softfloat/s_shortShiftRightExtendM.c[34m[1m -> [33m[1mX86/ext/softfloat/s_shortShiftRightExtendM.os(B[m
(B[m [    SHCC] [33m[33m[1mext/softfloat/s_shortShiftRightJam64.c[34m[1m -> [33m[1mX86/ext/softfloat/s_shortShiftRightJam64.os(B[m
(B[m [    SHCC] [33m[33m[1mext/softfloat/s_subMagsF16.c[34m[1m -> [33m[1mX86/ext/softfloat/s_subMagsF16.os(B[m
(B[m [    SHCC] [33m[33m[1mext/softfloat/s_subMagsF32.c[34m[1m -> [33m[1mX86/ext/softfloat/s_subMagsF32.os(B[m
(B[m [    SHCC] [33m[33m[1mext/softfloat/s_subMagsF64.c[34m[1m -> [33m[1mX86/ext/softfloat/s_subMagsF64.os(B[m
(B[m [    SHCC] [33m[33m[1mext/softfloat/softfloat_raiseFlags.c[34m[1m -> [33m[1mX86/ext/softfloat/softfloat_raiseFlags.os(B[m
(B[m [    SHCC] [33m[33m[1mext/softfloat/softfloat_state.c[34m[1m -> [33m[1mX86/ext/softfloat/softfloat_state.os(B[m
(B[m [    SHCC] [33m[33m[1mext/softfloat/ui32_to_f16.c[34m[1m -> [33m[1mX86/ext/softfloat/ui32_to_f16.os(B[m
(B[m [    SHCC] [33m[33m[1mext/softfloat/ui32_to_f32.c[34m[1m -> [33m[1mX86/ext/softfloat/ui32_to_f32.os(B[m
(B[m [    SHCC] [33m[33m[1mext/softfloat/ui32_to_f64.c[34m[1m -> [33m[1mX86/ext/softfloat/ui32_to_f64.os(B[m
(B[m [    SHCC] [33m[33m[1mext/softfloat/ui64_to_f16.c[34m[1m -> [33m[1mX86/ext/softfloat/ui64_to_f16.os(B[m
(B[m [    SHCC] [33m[33m[1mext/softfloat/ui64_to_f32.c[34m[1m -> [33m[1mX86/ext/softfloat/ui64_to_f32.os(B[m
(B[m [    SHCC] [33m[33m[1mext/softfloat/ui64_to_f64.c[34m[1m -> [33m[1mX86/ext/softfloat/ui64_to_f64.os(B[m
(B[m [    SHCC] [33m[33m[1mext/softfloat/extF80_add.c[34m[1m -> [33m[1mX86/ext/softfloat/extF80_add.os(B[m
(B[m [    SHCC] [33m[33m[1mext/softfloat/extF80_div.c[34m[1m -> [33m[1mX86/ext/softfloat/extF80_div.os(B[m
(B[m [    SHCC] [33m[33m[1mext/softfloat/extF80_eq.c[34m[1m -> [33m[1mX86/ext/softfloat/extF80_eq.os(B[m
(B[m [    SHCC] [33m[33m[1mext/softfloat/extF80_eq_signaling.c[34m[1m -> [33m[1mX86/ext/softfloat/extF80_eq_signaling.os(B[m
(B[m [    SHCC] [33m[33m[1mext/softfloat/extF80_isSignalingNaN.c[34m[1m -> [33m[1mX86/ext/softfloat/extF80_isSignalingNaN.os(B[m
(B[m [    SHCC] [33m[33m[1mext/softfloat/extF80_le.c[34m[1m -> [33m[1mX86/ext/softfloat/extF80_le.os(B[m
(B[m [    SHCC] [33m[33m[1mext/softfloat/extF80_le_quiet.c[34m[1m -> [33m[1mX86/ext/softfloat/extF80_le_quiet.os(B[m
(B[m [    SHCC] [33m[33m[1mext/softfloat/extF80_lt.c[34m[1m -> [33m[1mX86/ext/softfloat/extF80_lt.os(B[m
(B[m [    SHCC] [33m[33m[1mext/softfloat/extF80_lt_quiet.c[34m[1m -> [33m[1mX86/ext/softfloat/extF80_lt_quiet.os(B[m
(B[m [    SHCC] [33m[33m[1mext/softfloat/extF80_mul.c[34m[1m -> [33m[1mX86/ext/softfloat/extF80_mul.os(B[m
(B[m [    SHCC] [33m[33m[1mext/softfloat/extF80_rem.c[34m[1m -> [33m[1mX86/ext/softfloat/extF80_rem.os(B[m
(B[m [    SHCC] [33m[33m[1mext/softfloat/extF80_roundToInt.c[34m[1m -> [33m[1mX86/ext/softfloat/extF80_roundToInt.os(B[m
(B[m [    SHCC] [33m[33m[1mext/softfloat/extF80_sqrt.c[34m[1m -> [33m[1mX86/ext/softfloat/extF80_sqrt.os(B[m
(B[m [    SHCC] [33m[33m[1mext/softfloat/extF80_sub.c[34m[1m -> [33m[1mX86/ext/softfloat/extF80_sub.os(B[m
(B[m [    SHCC] [33m[33m[1mext/softfloat/extF80_to_f128.c[34m[1m -> [33m[1mX86/ext/softfloat/extF80_to_f128.os(B[m
(B[m [    SHCC] [33m[33m[1mext/softfloat/extF80_to_f16.c[34m[1m -> [33m[1mX86/ext/softfloat/extF80_to_f16.os(B[m
(B[m [    SHCC] [33m[33m[1mext/softfloat/extF80_to_f32.c[34m[1m -> [33m[1mX86/ext/softfloat/extF80_to_f32.os(B[m
(B[m [    SHCC] [33m[33m[1mext/softfloat/extF80_to_f64.c[34m[1m -> [33m[1mX86/ext/softfloat/extF80_to_f64.os(B[m
(B[m [    SHCC] [33m[33m[1mext/softfloat/extF80_to_i32.c[34m[1m -> [33m[1mX86/ext/softfloat/extF80_to_i32.os(B[m
(B[m [    SHCC] [33m[33m[1mext/softfloat/extF80_to_i32_r_minMag.c[34m[1m -> [33m[1mX86/ext/softfloat/extF80_to_i32_r_minMag.os(B[m
(B[m [    SHCC] [33m[33m[1mext/softfloat/extF80_to_i64.c[34m[1m -> [33m[1mX86/ext/softfloat/extF80_to_i64.os(B[m
(B[m [    SHCC] [33m[33m[1mext/softfloat/extF80_to_i64_r_minMag.c[34m[1m -> [33m[1mX86/ext/softfloat/extF80_to_i64_r_minMag.os(B[m
(B[m [    SHCC] [33m[33m[1mext/softfloat/extF80_to_ui32.c[34m[1m -> [33m[1mX86/ext/softfloat/extF80_to_ui32.os(B[m
(B[m [    SHCC] [33m[33m[1mext/softfloat/extF80_to_ui32_r_minMag.c[34m[1m -> [33m[1mX86/ext/softfloat/extF80_to_ui32_r_minMag.os(B[m
(B[m [    SHCC] [33m[33m[1mext/softfloat/extF80_to_ui64.c[34m[1m -> [33m[1mX86/ext/softfloat/extF80_to_ui64.os(B[m
(B[m [    SHCC] [33m[33m[1mext/softfloat/extF80_to_ui64_r_minMag.c[34m[1m -> [33m[1mX86/ext/softfloat/extF80_to_ui64_r_minMag.os(B[m
(B[m [    SHCC] [33m[33m[1mext/softfloat/f128_add.c[34m[1m -> [33m[1mX86/ext/softfloat/f128_add.os(B[m
(B[m [    SHCC] [33m[33m[1mext/softfloat/f128_classify.c[34m[1m -> [33m[1mX86/ext/softfloat/f128_classify.os(B[m
(B[m [    SHCC] [33m[33m[1mext/softfloat/f128_div.c[34m[1m -> [33m[1mX86/ext/softfloat/f128_div.os(B[m
(B[m [    SHCC] [33m[33m[1mext/softfloat/f128_eq.c[34m[1m -> [33m[1mX86/ext/softfloat/f128_eq.os(B[m
(B[m [    SHCC] [33m[33m[1mext/softfloat/f128_eq_signaling.c[34m[1m -> [33m[1mX86/ext/softfloat/f128_eq_signaling.os(B[m
(B[m [    SHCC] [33m[33m[1mext/softfloat/f128_isSignalingNaN.c[34m[1m -> [33m[1mX86/ext/softfloat/f128_isSignalingNaN.os(B[m
(B[m [    SHCC] [33m[33m[1mext/softfloat/f128_le.c[34m[1m -> [33m[1mX86/ext/softfloat/f128_le.os(B[m
(B[m [    SHCC] [33m[33m[1mext/softfloat/f128_le_quiet.c[34m[1m -> [33m[1mX86/ext/softfloat/f128_le_quiet.os(B[m
(B[m [    SHCC] [33m[33m[1mext/softfloat/f128_lt.c[34m[1m -> [33m[1mX86/ext/softfloat/f128_lt.os(B[m
(B[m [    SHCC] [33m[33m[1mext/softfloat/f128_lt_quiet.c[34m[1m -> [33m[1mX86/ext/softfloat/f128_lt_quiet.os(B[m
(B[m [    SHCC] [33m[33m[1mext/softfloat/f128_mulAdd.c[34m[1m -> [33m[1mX86/ext/softfloat/f128_mulAdd.os(B[m
(B[m [    SHCC] [33m[33m[1mext/softfloat/f128_mul.c[34m[1m -> [33m[1mX86/ext/softfloat/f128_mul.os(B[m
(B[m [    SHCC] [33m[33m[1mext/softfloat/f128_rem.c[34m[1m -> [33m[1mX86/ext/softfloat/f128_rem.os(B[m
(B[m [    SHCC] [33m[33m[1mext/softfloat/f128_roundToInt.c[34m[1m -> [33m[1mX86/ext/softfloat/f128_roundToInt.os(B[m
(B[m [    SHCC] [33m[33m[1mext/softfloat/f128_sqrt.c[34m[1m -> [33m[1mX86/ext/softfloat/f128_sqrt.os(B[m
(B[m [    SHCC] [33m[33m[1mext/softfloat/f128_sub.c[34m[1m -> [33m[1mX86/ext/softfloat/f128_sub.os(B[m
(B[m [    SHCC] [33m[33m[1mext/softfloat/f128_to_extF80.c[34m[1m -> [33m[1mX86/ext/softfloat/f128_to_extF80.os(B[m
(B[m [    SHCC] [33m[33m[1mext/softfloat/f128_to_f16.c[34m[1m -> [33m[1mX86/ext/softfloat/f128_to_f16.os(B[m
(B[m [    SHCC] [33m[33m[1mext/softfloat/f128_to_f32.c[34m[1m -> [33m[1mX86/ext/softfloat/f128_to_f32.os(B[m
(B[m [    SHCC] [33m[33m[1mext/softfloat/f128_to_f64.c[34m[1m -> [33m[1mX86/ext/softfloat/f128_to_f64.os(B[m
(B[m [    SHCC] [33m[33m[1mext/softfloat/f128_to_i32.c[34m[1m -> [33m[1mX86/ext/softfloat/f128_to_i32.os(B[m
(B[m [    SHCC] [33m[33m[1mext/softfloat/f128_to_i32_r_minMag.c[34m[1m -> [33m[1mX86/ext/softfloat/f128_to_i32_r_minMag.os(B[m
(B[m [    SHCC] [33m[33m[1mext/softfloat/f128_to_i64.c[34m[1m -> [33m[1mX86/ext/softfloat/f128_to_i64.os(B[m
(B[m [    SHCC] [33m[33m[1mext/softfloat/f128_to_i64_r_minMag.c[34m[1m -> [33m[1mX86/ext/softfloat/f128_to_i64_r_minMag.os(B[m
(B[m [    SHCC] [33m[33m[1mext/softfloat/f128_to_ui32.c[34m[1m -> [33m[1mX86/ext/softfloat/f128_to_ui32.os(B[m
(B[m [    SHCC] [33m[33m[1mext/softfloat/f128_to_ui32_r_minMag.c[34m[1m -> [33m[1mX86/ext/softfloat/f128_to_ui32_r_minMag.os(B[m
(B[m [    SHCC] [33m[33m[1mext/softfloat/f128_to_ui64.c[34m[1m -> [33m[1mX86/ext/softfloat/f128_to_ui64.os(B[m
(B[m [    SHCC] [33m[33m[1mext/softfloat/f128_to_ui64_r_minMag.c[34m[1m -> [33m[1mX86/ext/softfloat/f128_to_ui64_r_minMag.os(B[m
(B[m [    SHCC] [33m[33m[1mext/softfloat/f16_to_extF80.c[34m[1m -> [33m[1mX86/ext/softfloat/f16_to_extF80.os(B[m
(B[m [    SHCC] [33m[33m[1mext/softfloat/f16_to_f128.c[34m[1m -> [33m[1mX86/ext/softfloat/f16_to_f128.os(B[m
(B[m [    SHCC] [33m[33m[1mext/softfloat/f32_to_extF80.c[34m[1m -> [33m[1mX86/ext/softfloat/f32_to_extF80.os(B[m
(B[m [    SHCC] [33m[33m[1mext/softfloat/f32_to_f128.c[34m[1m -> [33m[1mX86/ext/softfloat/f32_to_f128.os(B[m
(B[m [    SHCC] [33m[33m[1mext/softfloat/f64_to_extF80.c[34m[1m -> [33m[1mX86/ext/softfloat/f64_to_extF80.os(B[m
(B[m [    SHCC] [33m[33m[1mext/softfloat/f64_to_f128.c[34m[1m -> [33m[1mX86/ext/softfloat/f64_to_f128.os(B[m
(B[m [    SHCC] [33m[33m[1mext/softfloat/i32_to_extF80.c[34m[1m -> [33m[1mX86/ext/softfloat/i32_to_extF80.os(B[m
(B[m [    SHCC] [33m[33m[1mext/softfloat/i32_to_f128.c[34m[1m -> [33m[1mX86/ext/softfloat/i32_to_f128.os(B[m
(B[m [    SHCC] [33m[33m[1mext/softfloat/i64_to_extF80.c[34m[1m -> [33m[1mX86/ext/softfloat/i64_to_extF80.os(B[m
(B[m [    SHCC] [33m[33m[1mext/softfloat/i64_to_f128.c[34m[1m -> [33m[1mX86/ext/softfloat/i64_to_f128.os(B[m
(B[m [    SHCC] [33m[33m[1mext/softfloat/s_addMagsExtF80.c[34m[1m -> [33m[1mX86/ext/softfloat/s_addMagsExtF80.os(B[m
(B[m [    SHCC] [33m[33m[1mext/softfloat/s_addMagsF128.c[34m[1m -> [33m[1mX86/ext/softfloat/s_addMagsF128.os(B[m
(B[m [    SHCC] [33m[33m[1mext/softfloat/s_add128.c[34m[1m -> [33m[1mX86/ext/softfloat/s_add128.os(B[m
(B[m [    SHCC] [33m[33m[1mext/softfloat/s_add256M.c[34m[1m -> [33m[1mX86/ext/softfloat/s_add256M.os(B[m
(B[m [    SHCC] [33m[33m[1mext/softfloat/s_commonNaNToF128UI.c[34m[1m -> [33m[1mX86/ext/softfloat/s_commonNaNToF128UI.os(B[m
(B[m [    SHCC] [33m[33m[1mext/softfloat/s_eq128.c[34m[1m -> [33m[1mX86/ext/softfloat/s_eq128.os(B[m
(B[m [    SHCC] [33m[33m[1mext/softfloat/s_le128.c[34m[1m -> [33m[1mX86/ext/softfloat/s_le128.os(B[m
(B[m [    SHCC] [33m[33m[1mext/softfloat/s_lt128.c[34m[1m -> [33m[1mX86/ext/softfloat/s_lt128.os(B[m
(B[m [    SHCC] [33m[33m[1mext/softfloat/s_mulAddF128.c[34m[1m -> [33m[1mX86/ext/softfloat/s_mulAddF128.os(B[m
(B[m [    SHCC] [33m[33m[1mext/softfloat/s_mul64ByShifted32To128.c[34m[1m -> [33m[1mX86/ext/softfloat/s_mul64ByShifted32To128.os(B[m
(B[m [    SHCC] [33m[33m[1mext/softfloat/s_mul64To128.c[34m[1m -> [33m[1mX86/ext/softfloat/s_mul64To128.os(B[m
(B[m [    SHCC] [33m[33m[1mext/softfloat/s_mul128By32.c[34m[1m -> [33m[1mX86/ext/softfloat/s_mul128By32.os(B[m
(B[m [    SHCC] [33m[33m[1mext/softfloat/s_mul128To256M.c[34m[1m -> [33m[1mX86/ext/softfloat/s_mul128To256M.os(B[m
(B[m [    SHCC] [33m[33m[1mext/softfloat/s_normRoundPackToExtF80.c[34m[1m -> [33m[1mX86/ext/softfloat/s_normRoundPackToExtF80.os(B[m
(B[m [    SHCC] [33m[33m[1mext/softfloat/s_normRoundPackToF128.c[34m[1m -> [33m[1mX86/ext/softfloat/s_normRoundPackToF128.os(B[m
(B[m [    SHCC] [33m[33m[1mext/softfloat/s_normSubnormalExtF80Sig.c[34m[1m -> [33m[1mX86/ext/softfloat/s_normSubnormalExtF80Sig.os(B[m
(B[m [    SHCC] [33m[33m[1mext/softfloat/s_normSubnormalF128Sig.c[34m[1m -> [33m[1mX86/ext/softfloat/s_normSubnormalF128Sig.os(B[m
(B[m [    SHCC] [33m[33m[1mext/softfloat/s_propagateNaNF128UI.c[34m[1m -> [33m[1mX86/ext/softfloat/s_propagateNaNF128UI.os(B[m
(B[m [    SHCC] [33m[33m[1mext/softfloat/s_roundPackToExtF80.c[34m[1m -> [33m[1mX86/ext/softfloat/s_roundPackToExtF80.os(B[m
(B[m [    SHCC] [33m[33m[1mext/softfloat/s_roundPackToF128.c[34m[1m -> [33m[1mX86/ext/softfloat/s_roundPackToF128.os(B[m
(B[m [    SHCC] [33m[33m[1mext/softfloat/s_roundToUI64.c[34m[1m -> [33m[1mX86/ext/softfloat/s_roundToUI64.os(B[m
(B[m [    SHCC] [33m[33m[1mext/softfloat/s_shiftRightJam128.c[34m[1m -> [33m[1mX86/ext/softfloat/s_shiftRightJam128.os(B[m
(B[m [    SHCC] [33m[33m[1mext/softfloat/s_shiftRightJam128Extra.c[34m[1m -> [33m[1mX86/ext/softfloat/s_shiftRightJam128Extra.os(B[m
(B[m [    SHCC] [33m[33m[1mext/softfloat/s_shiftRightJam256M.c[34m[1m -> [33m[1mX86/ext/softfloat/s_shiftRightJam256M.os(B[m
(B[m [    SHCC] [33m[33m[1mext/softfloat/s_shiftRightJam64Extra.c[34m[1m -> [33m[1mX86/ext/softfloat/s_shiftRightJam64Extra.os(B[m
(B[m [    SHCC] [33m[33m[1mext/softfloat/s_shortShiftLeft128.c[34m[1m -> [33m[1mX86/ext/softfloat/s_shortShiftLeft128.os(B[m
(B[m [    SHCC] [33m[33m[1mext/softfloat/s_shortShiftRight128.c[34m[1m -> [33m[1mX86/ext/softfloat/s_shortShiftRight128.os(B[m
(B[m [    SHCC] [33m[33m[1mext/softfloat/s_shortShiftRightJam64Extra.c[34m[1m -> [33m[1mX86/ext/softfloat/s_shortShiftRightJam64Extra.os(B[m
(B[m [    SHCC] [33m[33m[1mext/softfloat/s_shortShiftRightJam128.c[34m[1m -> [33m[1mX86/ext/softfloat/s_shortShiftRightJam128.os(B[m
(B[m [    SHCC] [33m[33m[1mext/softfloat/s_shortShiftRightJam128Extra.c[34m[1m -> [33m[1mX86/ext/softfloat/s_shortShiftRightJam128Extra.os(B[m
(B[m [    SHCC] [33m[33m[1mext/softfloat/s_subMagsExtF80.c[34m[1m -> [33m[1mX86/ext/softfloat/s_subMagsExtF80.os(B[m
(B[m [    SHCC] [33m[33m[1mext/softfloat/s_subMagsF128.c[34m[1m -> [33m[1mX86/ext/softfloat/s_subMagsF128.os(B[m
(B[m [    SHCC] [33m[33m[1mext/softfloat/s_sub128.c[34m[1m -> [33m[1mX86/ext/softfloat/s_sub128.os(B[m
(B[m [    SHCC] [33m[33m[1mext/softfloat/s_sub256M.c[34m[1m -> [33m[1mX86/ext/softfloat/s_sub256M.os(B[m
(B[m [    SHCC] [33m[33m[1mext/softfloat/ui32_to_extF80.c[34m[1m -> [33m[1mX86/ext/softfloat/ui32_to_extF80.os(B[m
(B[m [    SHCC] [33m[33m[1mext/softfloat/ui32_to_f128.c[34m[1m -> [33m[1mX86/ext/softfloat/ui32_to_f128.os(B[m
(B[m [    SHCC] [33m[33m[1mext/softfloat/ui64_to_extF80.c[34m[1m -> [33m[1mX86/ext/softfloat/ui64_to_extF80.os(B[m
(B[m [    SHCC] [33m[33m[1mext/softfloat/ui64_to_f128.c[34m[1m -> [33m[1mX86/ext/softfloat/ui64_to_f128.os(B[m
(B[m [      AR] [33m[33m[1m[34m[1m -> [33m[1mX86/ext/softfloat/libsoftfloat.a(B[m
(B[m [  RANLIB] [33m[33m[1m[34m[1m -> [33m[1mX86/ext/softfloat/libsoftfloat.a(B[m
(B[m [    LINK] [33m[33m[1m[34m[1m -> [33m[1mX86/gem5.build/scons_config/conftest_da935ab7a2c376c10f2ce1130ab88c51_2_2cc244cd7c7ece0f43bc86441566a30d(B[m
scons: Configure: yes


